<?xml version="1.0" encoding="UTF-8"?>
<testsuite xmlns:xsi="http://www.w3.org/2001/XMLSchema-instance" xsi:noNamespaceSchemaLocation="https://maven.apache.org/surefire/maven-surefire-plugin/xsd/surefire-test-report-3.0.xsd" version="3.0" name="jsons.series.calculator.SeriesTest" time="0.073" tests="2" errors="0" skipped="0" failures="0">
  <properties>
[...]
</properties>
  <testcase name="testCalculateFibonacci" classname="jsons.series.calculator.SeriesTest" time="0.031">
    <system-out><![CDATA[calculateFibonacci
]]></system-out>
  </testcase>
  <testcase name="testCalculateDivergence" classname="jsons.series.calculator.SeriesTest" time="0.003">
    <system-out><![CDATA[calculateDivergence
]]></system-out>
  </testcase>
</testsuite>